android/app/build/intermediates/manifest_merge_blame_file/debug/manifest-merger-blame-debug-report.txt
1<?xml version="1.0" encoding="utf-8"?>
2<manifest xmlns:android="http://schemas.android.com/apk/res/android"
3    package="com.kuyeso.MCampus"
4    android:versionCode="1"
5    android:versionName="1.0.0" >
6
7    <uses-sdk
8        android:minSdkVersion="21"
9        android:targetSdkVersion="33" />
10
11    <uses-permission android:name="android.permission.SYSTEM_ALERT_WINDOW" />
11-->src/main/AndroidManifest.xml:6:3-75
11-->src/main/AndroidManifest.xml:6:20-73
12    <uses-permission android:name="android.permission.CAMERA" />
12-->src/main/AndroidManifest.xml:2:3-62
12-->src/main/AndroidManifest.xml:2:20-60
13    <uses-permission android:name="android.permission.INTERNET" />
13-->src/main/AndroidManifest.xml:3:3-64
13-->src/main/AndroidManifest.xml:3:20-62
14    <uses-permission android:name="android.permission.READ_EXTERNAL_STORAGE" />
14-->src/main/AndroidManifest.xml:4:3-77
14-->src/main/AndroidManifest.xml:4:20-75
15    <uses-permission android:name="android.permission.RECORD_AUDIO" />
15-->src/main/AndroidManifest.xml:5:3-68
15-->src/main/AndroidManifest.xml:5:20-66
16    <uses-permission android:name="android.permission.VIBRATE" />
16-->src/main/AndroidManifest.xml:7:3-63
16-->src/main/AndroidManifest.xml:7:20-61
17    <uses-permission android:name="android.permission.WRITE_EXTERNAL_STORAGE" />
17-->src/main/AndroidManifest.xml:8:3-78
17-->src/main/AndroidManifest.xml:8:20-76
18
19    <queries>
19-->src/main/AndroidManifest.xml:9:3-15:13
20        <intent>
20-->src/main/AndroidManifest.xml:10:5-14:14
21            <action android:name="android.intent.action.VIEW" />
21-->src/main/AndroidManifest.xml:11:7-58
21-->src/main/AndroidManifest.xml:11:15-56
22
23            <category android:name="android.intent.category.BROWSABLE" />
23-->src/main/AndroidManifest.xml:12:7-67
23-->src/main/AndroidManifest.xml:12:17-65
24
25            <data android:scheme="https" />
25-->src/main/AndroidManifest.xml:13:7-37
25-->src/main/AndroidManifest.xml:13:13-35
26        </intent>
27        <intent>
27-->[:react-native-image-crop-picker] AndroidManifest.xml:8:9-10:18
28            <action android:name="android.media.action.IMAGE_CAPTURE" />
28-->[:react-native-image-crop-picker] AndroidManifest.xml:9:13-73
28-->[:react-native-image-crop-picker] AndroidManifest.xml:9:21-70
29        </intent>
30
31        <package android:name="host.exp.exponent" /> <!-- Query open documents -->
31-->[:expo-dev-launcher] AndroidManifest.xml:8:9-53
31-->[:expo-dev-launcher] AndroidManifest.xml:8:18-50
32        <intent>
32-->[:expo-document-picker] AndroidManifest.xml:10:9-17:18
33            <action android:name="android.intent.action.OPEN_DOCUMENT" />
33-->[:expo-document-picker] AndroidManifest.xml:11:13-74
33-->[:expo-document-picker] AndroidManifest.xml:11:21-71
34
35            <category android:name="android.intent.category.DEFAULT" />
35-->src/main/AndroidManifest.xml:29:9-67
35-->src/main/AndroidManifest.xml:29:19-65
36            <category android:name="android.intent.category.OPENABLE" />
36-->[:expo-document-picker] AndroidManifest.xml:14:13-73
36-->[:expo-document-picker] AndroidManifest.xml:14:23-70
37
38            <data android:mimeType="*/*" />
38-->src/main/AndroidManifest.xml:13:7-37
39        </intent> <!-- Query open documents -->
40        <intent>
40-->[:expo-file-system] AndroidManifest.xml:15:9-17:18
41            <action android:name="android.intent.action.OPEN_DOCUMENT_TREE" />
41-->[:expo-file-system] AndroidManifest.xml:16:13-79
41-->[:expo-file-system] AndroidManifest.xml:16:21-76
42        </intent>
43        <intent>
43-->[:expo-image-picker] AndroidManifest.xml:22:9-26:18
44
45            <!-- Required for picking images from the camera if targeting API 30 -->
46            <action android:name="android.media.action.ACTION_VIDEO_CAPTURE" />
46-->[:expo-image-picker] AndroidManifest.xml:25:13-80
46-->[:expo-image-picker] AndroidManifest.xml:25:21-77
47        </intent>
48        <intent>
48-->[:expo-web-browser] AndroidManifest.xml:8:9-12:18
49
50            <!-- Required for opening tabs if targeting API 30 -->
51            <action android:name="android.support.customtabs.action.CustomTabsService" />
51-->[:expo-web-browser] AndroidManifest.xml:11:13-90
51-->[:expo-web-browser] AndroidManifest.xml:11:21-87
52        </intent>
53        <intent>
53-->[com.github.CanHub:Android-Image-Cropper:4.3.1] AndroidManifest.xml:10:9-16:18
54            <action android:name="android.intent.action.GET_CONTENT" />
54-->[com.github.CanHub:Android-Image-Cropper:4.3.1] AndroidManifest.xml:11:13-72
54-->[com.github.CanHub:Android-Image-Cropper:4.3.1] AndroidManifest.xml:11:21-69
55
56            <category android:name="android.intent.category.OPENABLE" />
56-->[:expo-document-picker] AndroidManifest.xml:14:13-73
56-->[:expo-document-picker] AndroidManifest.xml:14:23-70
57
58            <data android:mimeType="*/*" />
58-->src/main/AndroidManifest.xml:13:7-37
59        </intent> <!-- Needs to be explicitly declared on Android R+ -->
60        <package android:name="com.google.android.apps.maps" />
60-->[com.google.android.gms:play-services-maps:18.0.2] AndroidManifest.xml:33:9-64
60-->[com.google.android.gms:play-services-maps:18.0.2] AndroidManifest.xml:33:18-61
61    </queries>
62
63    <uses-permission android:name="android.permission.ACCESS_WIFI_STATE" />
63-->[com.facebook.flipper:flipper:0.182.0] AndroidManifest.xml:16:5-76
63-->[com.facebook.flipper:flipper:0.182.0] AndroidManifest.xml:16:22-73
64    <uses-permission android:name="android.permission.READ_MEDIA_IMAGES" />
64-->[:expo-image-picker] AndroidManifest.xml:13:5-76
64-->[:expo-image-picker] AndroidManifest.xml:13:22-73
65    <uses-permission android:name="android.permission.READ_MEDIA_VIDEO" /> <!-- Include required permissions for Google Maps API to run. -->
65-->[:expo-image-picker] AndroidManifest.xml:14:5-75
65-->[:expo-image-picker] AndroidManifest.xml:14:22-72
66    <uses-permission android:name="android.permission.ACCESS_NETWORK_STATE" />
66-->[com.google.android.gms:play-services-maps:18.0.2] AndroidManifest.xml:23:5-79
66-->[com.google.android.gms:play-services-maps:18.0.2] AndroidManifest.xml:23:22-76
67
68    <uses-feature
68-->[com.google.android.gms:play-services-maps:18.0.2] AndroidManifest.xml:26:5-28:35
69        android:glEsVersion="0x00020000"
69-->[com.google.android.gms:play-services-maps:18.0.2] AndroidManifest.xml:27:9-41
70        android:required="true" />
70-->[com.google.android.gms:play-services-maps:18.0.2] AndroidManifest.xml:28:9-32
71
72    <uses-permission android:name="android.permission.WAKE_LOCK" />
72-->[androidx.work:work-runtime:2.7.1] AndroidManifest.xml:25:5-68
72-->[androidx.work:work-runtime:2.7.1] AndroidManifest.xml:25:22-65
73    <uses-permission android:name="android.permission.RECEIVE_BOOT_COMPLETED" />
73-->[androidx.work:work-runtime:2.7.1] AndroidManifest.xml:27:5-81
73-->[androidx.work:work-runtime:2.7.1] AndroidManifest.xml:27:22-78
74    <uses-permission android:name="android.permission.FOREGROUND_SERVICE" />
74-->[androidx.work:work-runtime:2.7.1] AndroidManifest.xml:28:5-77
74-->[androidx.work:work-runtime:2.7.1] AndroidManifest.xml:28:22-74
75
76    <permission
76-->[androidx.core:core:1.9.0] AndroidManifest.xml:22:5-24:47
77        android:name="com.kuyeso.MCampus.DYNAMIC_RECEIVER_NOT_EXPORTED_PERMISSION"
77-->[androidx.core:core:1.9.0] AndroidManifest.xml:23:9-81
78        android:protectionLevel="signature" />
78-->[androidx.core:core:1.9.0] AndroidManifest.xml:24:9-44
79
80    <uses-permission android:name="com.kuyeso.MCampus.DYNAMIC_RECEIVER_NOT_EXPORTED_PERMISSION" />
80-->[androidx.core:core:1.9.0] AndroidManifest.xml:26:5-97
80-->[androidx.core:core:1.9.0] AndroidManifest.xml:26:22-94
81    <uses-permission android:name="com.google.android.finsky.permission.BIND_GET_INSTALL_REFERRER_SERVICE" />
81-->[com.android.installreferrer:installreferrer:1.0] AndroidManifest.xml:9:5-110
81-->[com.android.installreferrer:installreferrer:1.0] AndroidManifest.xml:9:22-107
82
83    <application
83-->src/main/AndroidManifest.xml:16:3-37:17
84        android:name="com.kuyeso.MCampus.MainApplication"
84-->src/main/AndroidManifest.xml:16:16-47
85        android:allowBackup="true"
85-->src/main/AndroidManifest.xml:16:162-188
86        android:appComponentFactory="androidx.core.app.CoreComponentFactory"
86-->[androidx.core:core:1.9.0] AndroidManifest.xml:28:18-86
87        android:debuggable="true"
88        android:icon="@mipmap/ic_launcher"
88-->src/main/AndroidManifest.xml:16:81-115
89        android:label="@string/app_name"
89-->src/main/AndroidManifest.xml:16:48-80
90        android:roundIcon="@mipmap/ic_launcher_round"
90-->src/main/AndroidManifest.xml:16:116-161
91        android:theme="@style/AppTheme"
91-->src/main/AndroidManifest.xml:16:189-220
92        android:usesCleartextTraffic="true" >
92-->src/debug/AndroidManifest.xml:6:18-53
93        <meta-data
93-->src/main/AndroidManifest.xml:17:5-83
94            android:name="expo.modules.updates.ENABLED"
94-->src/main/AndroidManifest.xml:17:16-59
95            android:value="false" />
95-->src/main/AndroidManifest.xml:17:60-81
96        <meta-data
96-->src/main/AndroidManifest.xml:18:5-93
97            android:name="expo.modules.updates.EXPO_SDK_VERSION"
97-->src/main/AndroidManifest.xml:18:16-68
98            android:value="49.0.0" />
98-->src/main/AndroidManifest.xml:18:69-91
99        <meta-data
99-->src/main/AndroidManifest.xml:19:5-105
100            android:name="expo.modules.updates.EXPO_UPDATES_CHECK_ON_LAUNCH"
100-->src/main/AndroidManifest.xml:19:16-80
101            android:value="ALWAYS" />
101-->src/main/AndroidManifest.xml:19:81-103
102        <meta-data
102-->src/main/AndroidManifest.xml:20:5-99
103            android:name="expo.modules.updates.EXPO_UPDATES_LAUNCH_WAIT_MS"
103-->src/main/AndroidManifest.xml:20:16-79
104            android:value="0" />
104-->src/main/AndroidManifest.xml:20:80-97
105        <meta-data
105-->src/main/AndroidManifest.xml:21:5-119
106            android:name="com.google.android.geo.API_KEY"
106-->src/main/AndroidManifest.xml:21:16-61
107            android:value="AIzaSyCAGjQvoP0Li6ZrXVayHvzV2ReB18pt86k" />
107-->src/main/AndroidManifest.xml:21:62-117
108
109        <activity
109-->src/main/AndroidManifest.xml:22:5-35:16
110            android:name="com.kuyeso.MCampus.MainActivity"
110-->src/main/AndroidManifest.xml:22:15-43
111            android:configChanges="keyboard|keyboardHidden|orientation|screenSize|uiMode"
111-->src/main/AndroidManifest.xml:22:77-154
112            android:exported="true"
112-->src/main/AndroidManifest.xml:22:276-299
113            android:label="@string/app_name"
113-->src/main/AndroidManifest.xml:22:44-76
114            android:launchMode="singleTask"
114-->src/main/AndroidManifest.xml:22:155-186
115            android:screenOrientation="portrait"
115-->src/main/AndroidManifest.xml:22:300-336
116            android:theme="@style/Theme.App.SplashScreen"
116-->src/main/AndroidManifest.xml:22:230-275
117            android:windowSoftInputMode="adjustResize" >
117-->src/main/AndroidManifest.xml:22:187-229
118            <intent-filter>
118-->src/main/AndroidManifest.xml:23:7-26:23
119                <action android:name="android.intent.action.MAIN" />
119-->src/main/AndroidManifest.xml:24:9-60
119-->src/main/AndroidManifest.xml:24:17-58
120
121                <category android:name="android.intent.category.LAUNCHER" />
121-->src/main/AndroidManifest.xml:25:9-68
121-->src/main/AndroidManifest.xml:25:19-66
122            </intent-filter>
123            <intent-filter>
123-->src/main/AndroidManifest.xml:27:7-34:23
124                <action android:name="android.intent.action.VIEW" />
124-->src/main/AndroidManifest.xml:11:7-58
124-->src/main/AndroidManifest.xml:11:15-56
125
126                <category android:name="android.intent.category.DEFAULT" />
126-->src/main/AndroidManifest.xml:29:9-67
126-->src/main/AndroidManifest.xml:29:19-65
127                <category android:name="android.intent.category.BROWSABLE" />
127-->src/main/AndroidManifest.xml:12:7-67
127-->src/main/AndroidManifest.xml:12:17-65
128
129                <data android:scheme="myapp" />
129-->src/main/AndroidManifest.xml:13:7-37
129-->src/main/AndroidManifest.xml:13:13-35
130                <data android:scheme="com.kuyeso.MCampus" />
130-->src/main/AndroidManifest.xml:13:7-37
130-->src/main/AndroidManifest.xml:13:13-35
131                <data android:scheme="exp+m-campus" />
131-->src/main/AndroidManifest.xml:13:7-37
131-->src/main/AndroidManifest.xml:13:13-35
132            </intent-filter>
133        </activity>
134        <activity
134-->src/main/AndroidManifest.xml:36:5-106
135            android:name="com.facebook.react.devsupport.DevSettingsActivity"
135-->src/main/AndroidManifest.xml:36:15-79
136            android:exported="false" />
136-->src/main/AndroidManifest.xml:36:80-104
137
138        <provider
138-->[:react-native-file-viewer] AndroidManifest.xml:8:9-16:20
139            android:name="com.vinzscam.reactnativefileviewer.FileProvider"
139-->[:react-native-file-viewer] AndroidManifest.xml:9:13-75
140            android:authorities="com.kuyeso.MCampus.provider"
140-->[:react-native-file-viewer] AndroidManifest.xml:10:13-60
141            android:exported="false"
141-->[:react-native-file-viewer] AndroidManifest.xml:11:13-37
142            android:grantUriPermissions="true" >
142-->[:react-native-file-viewer] AndroidManifest.xml:12:13-47
143            <meta-data
143-->[:react-native-file-viewer] AndroidManifest.xml:13:13-15:70
144                android:name="android.support.FILE_PROVIDER_PATHS"
144-->[:react-native-file-viewer] AndroidManifest.xml:14:17-67
145                android:resource="@xml/file_viewer_provider_paths" />
145-->[:react-native-file-viewer] AndroidManifest.xml:15:17-67
146        </provider>
147        <provider
147-->[:react-native-image-crop-picker] AndroidManifest.xml:16:9-24:20
148            android:name="com.reactnative.ivpusic.imagepicker.IvpusicImagePickerFileProvider"
148-->[:react-native-image-crop-picker] AndroidManifest.xml:17:13-94
149            android:authorities="com.kuyeso.MCampus.provider"
149-->[:react-native-image-crop-picker] AndroidManifest.xml:18:13-60
150            android:exported="false"
150-->[:react-native-image-crop-picker] AndroidManifest.xml:19:13-37
151            android:grantUriPermissions="true" >
151-->[:react-native-image-crop-picker] AndroidManifest.xml:20:13-47
152            <meta-data
152-->[:react-native-file-viewer] AndroidManifest.xml:13:13-15:70
153                android:name="android.support.FILE_PROVIDER_PATHS"
153-->[:react-native-file-viewer] AndroidManifest.xml:14:17-67
154                android:resource="@xml/ivpusic_imagepicker_provider_paths" />
154-->[:react-native-file-viewer] AndroidManifest.xml:15:17-67
155        </provider>
156
157        <activity
157-->[:react-native-image-crop-picker] AndroidManifest.xml:26:9-28:72
158            android:name="com.yalantis.ucrop.UCropActivity"
158-->[:react-native-image-crop-picker] AndroidManifest.xml:27:13-60
159            android:theme="@style/Theme.AppCompat.Light.NoActionBar" />
159-->[:react-native-image-crop-picker] AndroidManifest.xml:28:13-69
160
161        <meta-data
161-->[:expo-dev-launcher] AndroidManifest.xml:12:9-14:37
162            android:name="expo.modules.updates.AUTO_SETUP"
162-->[:expo-dev-launcher] AndroidManifest.xml:13:13-59
163            android:value="false" />
163-->[:expo-dev-launcher] AndroidManifest.xml:14:13-34
164
165        <activity
165-->[:expo-dev-launcher] AndroidManifest.xml:16:9-29:20
166            android:name="expo.modules.devlauncher.launcher.DevLauncherActivity"
166-->[:expo-dev-launcher] AndroidManifest.xml:17:13-81
167            android:exported="true"
167-->[:expo-dev-launcher] AndroidManifest.xml:18:13-36
168            android:launchMode="singleTask"
168-->[:expo-dev-launcher] AndroidManifest.xml:19:13-44
169            android:theme="@style/Theme.DevLauncher.LauncherActivity" >
169-->[:expo-dev-launcher] AndroidManifest.xml:20:13-70
170            <intent-filter>
170-->[:expo-dev-launcher] AndroidManifest.xml:21:13-28:29
171                <action android:name="android.intent.action.VIEW" />
171-->src/main/AndroidManifest.xml:11:7-58
171-->src/main/AndroidManifest.xml:11:15-56
172
173                <category android:name="android.intent.category.DEFAULT" />
173-->src/main/AndroidManifest.xml:29:9-67
173-->src/main/AndroidManifest.xml:29:19-65
174                <category android:name="android.intent.category.BROWSABLE" />
174-->src/main/AndroidManifest.xml:12:7-67
174-->src/main/AndroidManifest.xml:12:17-65
175
176                <data android:scheme="expo-dev-launcher" />
176-->src/main/AndroidManifest.xml:13:7-37
176-->src/main/AndroidManifest.xml:13:13-35
177            </intent-filter>
178        </activity>
179        <activity
179-->[:expo-dev-launcher] AndroidManifest.xml:30:9-33:70
180            android:name="expo.modules.devlauncher.launcher.errors.DevLauncherErrorActivity"
180-->[:expo-dev-launcher] AndroidManifest.xml:31:13-93
181            android:screenOrientation="portrait"
181-->[:expo-dev-launcher] AndroidManifest.xml:32:13-49
182            android:theme="@style/Theme.DevLauncher.ErrorActivity" />
182-->[:expo-dev-launcher] AndroidManifest.xml:33:13-67
183        <activity
183-->[:expo-dev-menu] AndroidManifest.xml:8:9-21:20
184            android:name="expo.modules.devmenu.DevMenuActivity"
184-->[:expo-dev-menu] AndroidManifest.xml:9:13-64
185            android:exported="true"
185-->[:expo-dev-menu] AndroidManifest.xml:10:13-36
186            android:launchMode="singleTask"
186-->[:expo-dev-menu] AndroidManifest.xml:11:13-44
187            android:theme="@style/Theme.AppCompat.Transparent.NoActionBar" >
187-->[:expo-dev-menu] AndroidManifest.xml:12:13-75
188            <intent-filter>
188-->[:expo-dev-menu] AndroidManifest.xml:13:13-20:29
189                <action android:name="android.intent.action.VIEW" />
189-->src/main/AndroidManifest.xml:11:7-58
189-->src/main/AndroidManifest.xml:11:15-56
190
191                <category android:name="android.intent.category.DEFAULT" />
191-->src/main/AndroidManifest.xml:29:9-67
191-->src/main/AndroidManifest.xml:29:19-65
192                <category android:name="android.intent.category.BROWSABLE" />
192-->src/main/AndroidManifest.xml:12:7-67
192-->src/main/AndroidManifest.xml:12:17-65
193
194                <data android:scheme="expo-dev-menu" />
194-->src/main/AndroidManifest.xml:13:7-37
194-->src/main/AndroidManifest.xml:13:13-35
195            </intent-filter>
196        </activity>
197
198        <provider
198-->[:expo-file-system] AndroidManifest.xml:21:9-30:20
199            android:name="expo.modules.filesystem.FileSystemFileProvider"
199-->[:expo-file-system] AndroidManifest.xml:22:13-74
200            android:authorities="com.kuyeso.MCampus.FileSystemFileProvider"
200-->[:expo-file-system] AndroidManifest.xml:23:13-74
201            android:exported="false"
201-->[:expo-file-system] AndroidManifest.xml:24:13-37
202            android:grantUriPermissions="true" >
202-->[:expo-file-system] AndroidManifest.xml:25:13-47
203            <meta-data
203-->[:react-native-file-viewer] AndroidManifest.xml:13:13-15:70
204                android:name="android.support.FILE_PROVIDER_PATHS"
204-->[:react-native-file-viewer] AndroidManifest.xml:14:17-67
205                android:resource="@xml/file_system_provider_paths" />
205-->[:react-native-file-viewer] AndroidManifest.xml:15:17-67
206        </provider>
207
208        <service
208-->[:expo-image-picker] AndroidManifest.xml:30:9-42:19
209            android:name="com.google.android.gms.metadata.ModuleDependencies"
209-->[:expo-image-picker] AndroidManifest.xml:31:13-78
210            android:enabled="false"
210-->[:expo-image-picker] AndroidManifest.xml:32:13-36
211            android:exported="false" >
211-->[:expo-image-picker] AndroidManifest.xml:33:13-37
212            <intent-filter>
212-->[:expo-image-picker] AndroidManifest.xml:35:13-37:29
213                <action android:name="com.google.android.gms.metadata.MODULE_DEPENDENCIES" />
213-->[:expo-image-picker] AndroidManifest.xml:36:17-94
213-->[:expo-image-picker] AndroidManifest.xml:36:25-91
214            </intent-filter>
215
216            <meta-data
216-->[:expo-image-picker] AndroidManifest.xml:39:13-41:36
217                android:name="photopicker_activity:0:required"
217-->[:expo-image-picker] AndroidManifest.xml:40:17-63
218                android:value="" />
218-->[:expo-image-picker] AndroidManifest.xml:41:17-33
219        </service>
220
221        <activity
221-->[:expo-image-picker] AndroidManifest.xml:44:9-46:59
222            android:name="com.canhub.cropper.CropImageActivity"
222-->[:expo-image-picker] AndroidManifest.xml:45:13-64
223            android:exported="true"
223-->[com.github.CanHub:Android-Image-Cropper:4.3.1] AndroidManifest.xml:35:13-36
224            android:theme="@style/Base.Theme.AppCompat" /> <!-- https://developer.android.com/guide/topics/manifest/provider-element.html -->
224-->[:expo-image-picker] AndroidManifest.xml:46:13-56
225        <provider
225-->[:expo-image-picker] AndroidManifest.xml:48:9-56:20
226            android:name="expo.modules.imagepicker.fileprovider.ImagePickerFileProvider"
226-->[:expo-image-picker] AndroidManifest.xml:49:13-89
227            android:authorities="com.kuyeso.MCampus.ImagePickerFileProvider"
227-->[:expo-image-picker] AndroidManifest.xml:50:13-75
228            android:exported="false"
228-->[:expo-image-picker] AndroidManifest.xml:51:13-37
229            android:grantUriPermissions="true" >
229-->[:expo-image-picker] AndroidManifest.xml:52:13-47
230            <meta-data
230-->[:react-native-file-viewer] AndroidManifest.xml:13:13-15:70
231                android:name="android.support.FILE_PROVIDER_PATHS"
231-->[:react-native-file-viewer] AndroidManifest.xml:14:17-67
232                android:resource="@xml/image_picker_provider_paths" />
232-->[:react-native-file-viewer] AndroidManifest.xml:15:17-67
233        </provider>
234
235        <meta-data
235-->[:expo-modules-core] AndroidManifest.xml:9:9-11:89
236            android:name="org.unimodules.core.AppLoader#react-native-headless"
236-->[:expo-modules-core] AndroidManifest.xml:10:13-79
237            android:value="expo.modules.adapters.react.apploader.RNHeadlessAppLoader" />
237-->[:expo-modules-core] AndroidManifest.xml:11:13-86
238        <meta-data
238-->[:expo-modules-core] AndroidManifest.xml:12:9-15:45
239            android:name="com.facebook.soloader.enabled"
239-->[:expo-modules-core] AndroidManifest.xml:13:13-57
240            android:value="true" />
240-->[:expo-modules-core] AndroidManifest.xml:14:13-33
241
242        <provider
242-->[com.github.CanHub:Android-Image-Cropper:4.3.1] AndroidManifest.xml:23:9-31:20
243            android:name="com.canhub.cropper.CropFileProvider"
243-->[com.github.CanHub:Android-Image-Cropper:4.3.1] AndroidManifest.xml:24:13-63
244            android:authorities="com.kuyeso.MCampus.cropper.fileprovider"
244-->[com.github.CanHub:Android-Image-Cropper:4.3.1] AndroidManifest.xml:25:13-72
245            android:exported="false"
245-->[com.github.CanHub:Android-Image-Cropper:4.3.1] AndroidManifest.xml:26:13-37
246            android:grantUriPermissions="true" >
246-->[com.github.CanHub:Android-Image-Cropper:4.3.1] AndroidManifest.xml:27:13-47
247            <meta-data
247-->[:react-native-file-viewer] AndroidManifest.xml:13:13-15:70
248                android:name="android.support.FILE_PROVIDER_PATHS"
248-->[:react-native-file-viewer] AndroidManifest.xml:14:17-67
249                android:resource="@xml/library_file_paths" />
249-->[:react-native-file-viewer] AndroidManifest.xml:15:17-67
250        </provider> <!-- Needs to be explicitly declared on P+ -->
251        <uses-library
251-->[com.google.android.gms:play-services-maps:18.0.2] AndroidManifest.xml:39:9-41:40
252            android:name="org.apache.http.legacy"
252-->[com.google.android.gms:play-services-maps:18.0.2] AndroidManifest.xml:40:13-50
253            android:required="false" />
253-->[com.google.android.gms:play-services-maps:18.0.2] AndroidManifest.xml:41:13-37
254
255        <service
255-->[com.google.android.gms:play-services-mlkit-barcode-scanning:18.3.0] AndroidManifest.xml:9:9-15:19
256            android:name="com.google.mlkit.common.internal.MlKitComponentDiscoveryService"
256-->[com.google.android.gms:play-services-mlkit-barcode-scanning:18.3.0] AndroidManifest.xml:10:13-91
257            android:directBootAware="true"
257-->[com.google.mlkit:common:18.9.0] AndroidManifest.xml:17:13-43
258            android:exported="false" >
258-->[com.google.android.gms:play-services-mlkit-barcode-scanning:18.3.0] AndroidManifest.xml:11:13-37
259            <meta-data
259-->[com.google.android.gms:play-services-mlkit-barcode-scanning:18.3.0] AndroidManifest.xml:12:13-14:85
260                android:name="com.google.firebase.components:com.google.mlkit.vision.barcode.internal.BarcodeRegistrar"
260-->[com.google.android.gms:play-services-mlkit-barcode-scanning:18.3.0] AndroidManifest.xml:13:17-120
261                android:value="com.google.firebase.components.ComponentRegistrar" />
261-->[com.google.android.gms:play-services-mlkit-barcode-scanning:18.3.0] AndroidManifest.xml:14:17-82
262            <meta-data
262-->[com.google.mlkit:vision-common:17.3.0] AndroidManifest.xml:12:13-14:85
263                android:name="com.google.firebase.components:com.google.mlkit.vision.common.internal.VisionCommonRegistrar"
263-->[com.google.mlkit:vision-common:17.3.0] AndroidManifest.xml:13:17-124
264                android:value="com.google.firebase.components.ComponentRegistrar" />
264-->[com.google.mlkit:vision-common:17.3.0] AndroidManifest.xml:14:17-82
265            <meta-data
265-->[com.google.mlkit:common:18.9.0] AndroidManifest.xml:20:13-22:85
266                android:name="com.google.firebase.components:com.google.mlkit.common.internal.CommonComponentRegistrar"
266-->[com.google.mlkit:common:18.9.0] AndroidManifest.xml:21:17-120
267                android:value="com.google.firebase.components.ComponentRegistrar" />
267-->[com.google.mlkit:common:18.9.0] AndroidManifest.xml:22:17-82
268        </service>
269
270        <provider
270-->[com.google.mlkit:common:18.9.0] AndroidManifest.xml:9:9-13:38
271            android:name="com.google.mlkit.common.internal.MlKitInitProvider"
271-->[com.google.mlkit:common:18.9.0] AndroidManifest.xml:10:13-78
272            android:authorities="com.kuyeso.MCampus.mlkitinitprovider"
272-->[com.google.mlkit:common:18.9.0] AndroidManifest.xml:11:13-69
273            android:exported="false"
273-->[com.google.mlkit:common:18.9.0] AndroidManifest.xml:12:13-37
274            android:initOrder="99" />
274-->[com.google.mlkit:common:18.9.0] AndroidManifest.xml:13:13-35
275
276        <activity
276-->[com.google.android.gms:play-services-base:18.1.0] AndroidManifest.xml:20:9-22:45
277            android:name="com.google.android.gms.common.api.GoogleApiActivity"
277-->[com.google.android.gms:play-services-base:18.1.0] AndroidManifest.xml:20:19-85
278            android:exported="false"
278-->[com.google.android.gms:play-services-base:18.1.0] AndroidManifest.xml:22:19-43
279            android:theme="@android:style/Theme.Translucent.NoTitleBar" />
279-->[com.google.android.gms:play-services-base:18.1.0] AndroidManifest.xml:21:19-78
280
281        <meta-data
281-->[com.google.android.gms:play-services-basement:18.1.0] AndroidManifest.xml:21:9-23:69
282            android:name="com.google.android.gms.version"
282-->[com.google.android.gms:play-services-basement:18.1.0] AndroidManifest.xml:22:13-58
283            android:value="@integer/google_play_services_version" />
283-->[com.google.android.gms:play-services-basement:18.1.0] AndroidManifest.xml:23:13-66
284
285        <provider
285-->[androidx.work:work-runtime:2.7.1] AndroidManifest.xml:31:9-39:20
286            android:name="androidx.startup.InitializationProvider"
286-->[androidx.work:work-runtime:2.7.1] AndroidManifest.xml:32:13-67
287            android:authorities="com.kuyeso.MCampus.androidx-startup"
287-->[androidx.work:work-runtime:2.7.1] AndroidManifest.xml:33:13-68
288            android:exported="false" >
288-->[androidx.work:work-runtime:2.7.1] AndroidManifest.xml:34:13-37
289            <meta-data
289-->[androidx.work:work-runtime:2.7.1] AndroidManifest.xml:36:13-38:52
290                android:name="androidx.work.WorkManagerInitializer"
290-->[androidx.work:work-runtime:2.7.1] AndroidManifest.xml:37:17-68
291                android:value="androidx.startup" />
291-->[androidx.work:work-runtime:2.7.1] AndroidManifest.xml:38:17-49
292            <meta-data
292-->[androidx.emoji2:emoji2:1.2.0] AndroidManifest.xml:29:13-31:52
293                android:name="androidx.emoji2.text.EmojiCompatInitializer"
293-->[androidx.emoji2:emoji2:1.2.0] AndroidManifest.xml:30:17-75
294                android:value="androidx.startup" />
294-->[androidx.emoji2:emoji2:1.2.0] AndroidManifest.xml:31:17-49
295            <meta-data
295-->[androidx.lifecycle:lifecycle-process:2.6.1] AndroidManifest.xml:29:13-31:52
296                android:name="androidx.lifecycle.ProcessLifecycleInitializer"
296-->[androidx.lifecycle:lifecycle-process:2.6.1] AndroidManifest.xml:30:17-78
297                android:value="androidx.startup" />
297-->[androidx.lifecycle:lifecycle-process:2.6.1] AndroidManifest.xml:31:17-49
298            <meta-data
298-->[androidx.profileinstaller:profileinstaller:1.3.0] AndroidManifest.xml:29:13-31:52
299                android:name="androidx.profileinstaller.ProfileInstallerInitializer"
299-->[androidx.profileinstaller:profileinstaller:1.3.0] AndroidManifest.xml:30:17-85
300                android:value="androidx.startup" />